# JRE version: OpenJDK Runtime Environment Temurin-17.0.5+8 (17.0.5+8) (build 17.0.5+8)
# Java VM: OpenJDK 64-Bit Server VM Temurin-17.0.5+8 (17.0.5+8, mixed mode, sharing, tiered, compressed oops, compressed class ptrs, g1 gc, bsd-amd64)
GC Precious Log:
 CPUs: 8 total, 8 available
 Memory: 32768M
 Large Page Support: Disabled
 NUMA Support: Disabled
 Compressed Oops: Enabled (Zero based)
 Heap Region Size: 4M
 Heap Min Capacity: 8M
 Heap Initial Capacity: 512M
 Heap Max Capacity: 8G
 Pre-touch: Disabled
 Parallel Workers: 8
 Concurrent Workers: 2
 Concurrent Refinement Workers: 8
 Periodic GC: Disabled
Heap:
 garbage-first heap   total 98304K, used 35546K [0x0000000600000000, 0x0000000800000000)
  region size 4096K, 4 young (16384K), 2 survivors (8192K)
 Metaspace       used 60581K, committed 60928K, reserved 1105920K
  class space    used 8318K, committed 8512K, reserved 1048576K
GC Heap History (20 events):
Event: 0.917 GC heap before
{Heap before GC invocations=1 (full 0):
 garbage-first heap   total 532480K, used 26070K [0x0000000600000000, 0x0000000800000000)
  region size 4096K, 6 young (24576K), 1 survivors (4096K)
 Metaspace       used 10470K, committed 10688K, reserved 1064960K
  class space    used 1295K, committed 1408K, reserved 1048576K
}
Event: 0.920 GC heap after
{Heap after GC invocations=2 (full 0):
 garbage-first heap   total 532480K, used 11335K [0x0000000600000000, 0x0000000800000000)
  region size 4096K, 1 young (4096K), 1 survivors (4096K)
 Metaspace       used 10470K, committed 10688K, reserved 1064960K
  class space    used 1295K, committed 1408K, reserved 1048576K
}
Event: 1.608 GC heap before
{Heap before GC invocations=2 (full 0):
 garbage-first heap   total 532480K, used 52295K [0x0000000600000000, 0x0000000800000000)
  region size 4096K, 11 young (45056K), 1 survivors (4096K)
 Metaspace       used 16620K, committed 16896K, reserved 1064960K
  class space    used 2058K, committed 2176K, reserved 1048576K
}
Event: 1.611 GC heap after
{Heap after GC invocations=3 (full 0):
 garbage-first heap   total 532480K, used 13814K [0x0000000600000000, 0x0000000800000000)
  region size 4096K, 1 young (4096K), 1 survivors (4096K)
 Metaspace       used 16620K, committed 16896K, reserved 1064960K
  class space    used 2058K, committed 2176K, reserved 1048576K
}
Event: 2.336 GC heap before
{Heap before GC invocations=3 (full 0):
 garbage-first heap   total 532480K, used 46582K [0x0000000600000000, 0x0000000800000000)
  region size 4096K, 10 young (40960K), 1 survivors (4096K)
 Metaspace       used 21303K, committed 21504K, reserved 1073152K
  class space    used 2705K, committed 2816K, reserved 1048576K
}
Event: 2.340 GC heap after
{Heap after GC invocations=4 (full 0):
 garbage-first heap   total 532480K, used 15726K [0x0000000600000000, 0x0000000800000000)
  region size 4096K, 2 young (8192K), 2 survivors (8192K)
 Metaspace       used 21303K, committed 21504K, reserved 1073152K
  class space    used 2705K, committed 2816K, reserved 1048576K
}
Event: 3.291 GC heap before
{Heap before GC invocations=5 (full 0):
 garbage-first heap   total 98304K, used 64878K [0x0000000600000000, 0x0000000800000000)
  region size 4096K, 14 young (57344K), 2 survivors (8192K)
 Metaspace       used 30424K, committed 30720K, reserved 1081344K
  class space    used 3917K, committed 4032K, reserved 1048576K
}
Event: 3.300 GC heap after
{Heap after GC invocations=6 (full 0):
 garbage-first heap   total 98304K, used 19677K [0x0000000600000000, 0x0000000800000000)
  region size 4096K, 2 young (8192K), 2 survivors (8192K)
 Metaspace       used 30424K, committed 30720K, reserved 1081344K
  class space    used 3917K, committed 4032K, reserved 1048576K
}
Event: 3.381 GC heap before
{Heap before GC invocations=6 (full 0):
 garbage-first heap   total 98304K, used 23773K [0x0000000600000000, 0x0000000800000000)
  region size 4096K, 3 young (12288K), 2 survivors (8192K)
 Metaspace       used 31224K, committed 31552K, reserved 1081344K
  class space    used 4065K, committed 4224K, reserved 1048576K
}
Event: 3.389 GC heap after
{Heap after GC invocations=7 (full 0):
 garbage-first heap   total 98304K, used 20507K [0x0000000600000000, 0x0000000800000000)
  region size 4096K, 1 young (4096K), 1 survivors (4096K)
 Metaspace       used 31224K, committed 31552K, reserved 1081344K
  class space    used 4065K, committed 4224K, reserved 1048576K
}
Event: 3.707 GC heap before
{Heap before GC invocations=7 (full 0):
 garbage-first heap   total 98304K, used 32795K [0x0000000600000000, 0x0000000800000000)
  region size 4096K, 5 young (20480K), 1 survivors (4096K)
 Metaspace       used 35699K, committed 35968K, reserved 1081344K
  class space    used 4781K, committed 4928K, reserved 1048576K
}
Event: 3.709 GC heap after
{Heap after GC invocations=8 (full 0):
 garbage-first heap   total 98304K, used 20520K [0x0000000600000000, 0x0000000800000000)
  region size 4096K, 1 young (4096K), 1 survivors (4096K)
 Metaspace       used 35699K, committed 35968K, reserved 1081344K
  class space    used 4781K, committed 4928K, reserved 1048576K
}
Event: 4.455 GC heap before
{Heap before GC invocations=9 (full 0):
 garbage-first heap   total 98304K, used 57384K [0x0000000600000000, 0x0000000800000000)
  region size 4096K, 11 young (45056K), 1 survivors (4096K)
 Metaspace       used 44812K, committed 45120K, reserved 1089536K
  class space    used 6188K, committed 6336K, reserved 1048576K
}
Event: 4.458 GC heap after
{Heap after GC invocations=10 (full 0):
 garbage-first heap   total 98304K, used 22615K [0x0000000600000000, 0x0000000800000000)
  region size 4096K, 1 young (4096K), 1 survivors (4096K)
 Metaspace       used 44812K, committed 45120K, reserved 1089536K
  class space    used 6188K, committed 6336K, reserved 1048576K
}
Event: 5.173 GC heap before
{Heap before GC invocations=10 (full 0):
 garbage-first heap   total 98304K, used 67671K [0x0000000600000000, 0x0000000800000000)
  region size 4096K, 12 young (49152K), 1 survivors (4096K)
 Metaspace       used 49853K, committed 50240K, reserved 1097728K
  class space    used 6885K, committed 7104K, reserved 1048576K
}
Event: 5.177 GC heap after
{Heap after GC invocations=11 (full 0):
 garbage-first heap   total 98304K, used 25338K [0x0000000600000000, 0x0000000800000000)
  region size 4096K, 2 young (8192K), 2 survivors (8192K)
 Metaspace       used 49853K, committed 50240K, reserved 1097728K
  class space    used 6885K, committed 7104K, reserved 1048576K
}
Event: 12.055 GC heap before
{Heap before GC invocations=11 (full 0):
 garbage-first heap   total 98304K, used 66298K [0x0000000600000000, 0x0000000800000000)
  region size 4096K, 12 young (49152K), 2 survivors (8192K)
 Metaspace       used 55761K, committed 56128K, reserved 1097728K
  class space    used 7694K, committed 7872K, reserved 1048576K
}
Event: 12.064 GC heap after
{Heap after GC invocations=12 (full 0):
 garbage-first heap   total 98304K, used 28544K [0x0000000600000000, 0x0000000800000000)
  region size 4096K, 2 young (8192K), 2 survivors (8192K)
 Metaspace       used 55761K, committed 56128K, reserved 1097728K
  class space    used 7694K, committed 7872K, reserved 1048576K
}
Event: 12.509 GC heap before
{Heap before GC invocations=12 (full 0):
 garbage-first heap   total 98304K, used 44928K [0x0000000600000000, 0x0000000800000000)
  region size 4096K, 7 young (28672K), 2 survivors (8192K)
 Metaspace       used 60114K, committed 60416K, reserved 1105920K
  class space    used 8239K, committed 8384K, reserved 1048576K
}
Event: 12.514 GC heap after
{Heap after GC invocations=13 (full 0):
 garbage-first heap   total 98304K, used 31450K [0x0000000600000000, 0x0000000800000000)
  region size 4096K, 2 young (8192K), 2 survivors (8192K)
 Metaspace       used 60114K, committed 60416K, reserved 1105920K
  class space    used 8239K, committed 8384K, reserved 1048576K
}

