# JRE version: OpenJDK Runtime Environment Temurin-17.0.5+8 (17.0.5+8) (build 17.0.5+8)
# Java VM: OpenJDK 64-Bit Server VM Temurin-17.0.5+8 (17.0.5+8, mixed mode, sharing, tiered, compressed oops, compressed class ptrs, g1 gc, bsd-amd64)
GC Precious Log:
 CPUs: 8 total, 8 available
 Memory: 32768M
 Large Page Support: Disabled
 NUMA Support: Disabled
 Compressed Oops: Enabled (Zero based)
 Heap Region Size: 4M
 Heap Min Capacity: 8M
 Heap Initial Capacity: 512M
 Heap Max Capacity: 8G
 Pre-touch: Disabled
 Parallel Workers: 8
 Concurrent Workers: 2
 Concurrent Refinement Workers: 8
 Periodic GC: Disabled
Heap:
 garbage-first heap   total 98304K, used 61602K [0x0000000600000000, 0x0000000800000000)
  region size 4096K, 12 young (49152K), 2 survivors (8192K)
 Metaspace       used 54343K, committed 54656K, reserved 1097728K
  class space    used 7516K, committed 7680K, reserved 1048576K
GC Heap History (18 events):
Event: 0.834 GC heap before
{Heap before GC invocations=0 (full 0):
 garbage-first heap   total 532480K, used 28628K [0x0000000600000000, 0x0000000800000000)
  region size 4096K, 6 young (24576K), 0 survivors (0K)
 Metaspace       used 5749K, committed 5888K, reserved 1056768K
  class space    used 676K, committed 768K, reserved 1048576K
}
Event: 0.838 GC heap after
{Heap after GC invocations=1 (full 0):
 garbage-first heap   total 532480K, used 9663K [0x0000000600000000, 0x0000000800000000)
  region size 4096K, 1 young (4096K), 1 survivors (4096K)
 Metaspace       used 5749K, committed 5888K, reserved 1056768K
  class space    used 676K, committed 768K, reserved 1048576K
}
Event: 1.221 GC heap before
{Heap before GC invocations=1 (full 0):
 garbage-first heap   total 532480K, used 30143K [0x0000000600000000, 0x0000000800000000)
  region size 4096K, 6 young (24576K), 1 survivors (4096K)
 Metaspace       used 10586K, committed 10752K, reserved 1064960K
  class space    used 1307K, committed 1408K, reserved 1048576K
}
Event: 1.225 GC heap after
{Heap after GC invocations=2 (full 0):
 garbage-first heap   total 532480K, used 11008K [0x0000000600000000, 0x0000000800000000)
  region size 4096K, 1 young (4096K), 1 survivors (4096K)
 Metaspace       used 10586K, committed 10752K, reserved 1064960K
  class space    used 1307K, committed 1408K, reserved 1048576K
}
Event: 2.168 GC heap before
{Heap before GC invocations=2 (full 0):
 garbage-first heap   total 532480K, used 51968K [0x0000000600000000, 0x0000000800000000)
  region size 4096K, 11 young (45056K), 1 survivors (4096K)
 Metaspace       used 16666K, committed 16896K, reserved 1064960K
  class space    used 2061K, committed 2176K, reserved 1048576K
}
Event: 2.173 GC heap after
{Heap after GC invocations=3 (full 0):
 garbage-first heap   total 532480K, used 13500K [0x0000000600000000, 0x0000000800000000)
  region size 4096K, 1 young (4096K), 1 survivors (4096K)
 Metaspace       used 16666K, committed 16896K, reserved 1064960K
  class space    used 2061K, committed 2176K, reserved 1048576K
}
Event: 3.159 GC heap before
{Heap before GC invocations=3 (full 0):
 garbage-first heap   total 532480K, used 46268K [0x0000000600000000, 0x0000000800000000)
  region size 4096K, 10 young (40960K), 1 survivors (4096K)
 Metaspace       used 21248K, committed 21504K, reserved 1073152K
  class space    used 2688K, committed 2816K, reserved 1048576K
}
Event: 3.164 GC heap after
{Heap after GC invocations=4 (full 0):
 garbage-first heap   total 532480K, used 15275K [0x0000000600000000, 0x0000000800000000)
  region size 4096K, 2 young (8192K), 2 survivors (8192K)
 Metaspace       used 21248K, committed 21504K, reserved 1073152K
  class space    used 2688K, committed 2816K, reserved 1048576K
}
Event: 4.374 GC heap before
{Heap before GC invocations=5 (full 0):
 garbage-first heap   total 98304K, used 64427K [0x0000000600000000, 0x0000000800000000)
  region size 4096K, 14 young (57344K), 2 survivors (8192K)
 Metaspace       used 30411K, committed 30656K, reserved 1081344K
  class space    used 3917K, committed 4032K, reserved 1048576K
}
Event: 4.384 GC heap after
{Heap after GC invocations=6 (full 0):
 garbage-first heap   total 98304K, used 19370K [0x0000000600000000, 0x0000000800000000)
  region size 4096K, 2 young (8192K), 2 survivors (8192K)
 Metaspace       used 30411K, committed 30656K, reserved 1081344K
  class space    used 3917K, committed 4032K, reserved 1048576K
}
Event: 4.465 GC heap before
{Heap before GC invocations=6 (full 0):
 garbage-first heap   total 98304K, used 23466K [0x0000000600000000, 0x0000000800000000)
  region size 4096K, 3 young (12288K), 2 survivors (8192K)
 Metaspace       used 31246K, committed 31552K, reserved 1081344K
  class space    used 4067K, committed 4224K, reserved 1048576K
}
Event: 4.471 GC heap after
{Heap after GC invocations=7 (full 0):
 garbage-first heap   total 98304K, used 20177K [0x0000000600000000, 0x0000000800000000)
  region size 4096K, 1 young (4096K), 1 survivors (4096K)
 Metaspace       used 31246K, committed 31552K, reserved 1081344K
  class space    used 4067K, committed 4224K, reserved 1048576K
}
Event: 4.865 GC heap before
{Heap before GC invocations=7 (full 0):
 garbage-first heap   total 98304K, used 32465K [0x0000000600000000, 0x0000000800000000)
  region size 4096K, 5 young (20480K), 1 survivors (4096K)
 Metaspace       used 35664K, committed 35968K, reserved 1081344K
  class space    used 4778K, committed 4928K, reserved 1048576K
}
Event: 4.867 GC heap after
{Heap after GC invocations=8 (full 0):
 garbage-first heap   total 98304K, used 20058K [0x0000000600000000, 0x0000000800000000)
  region size 4096K, 1 young (4096K), 1 survivors (4096K)
 Metaspace       used 35664K, committed 35968K, reserved 1081344K
  class space    used 4778K, committed 4928K, reserved 1048576K
}
Event: 5.749 GC heap before
{Heap before GC invocations=9 (full 0):
 garbage-first heap   total 98304K, used 61018K [0x0000000600000000, 0x0000000800000000)
  region size 4096K, 11 young (45056K), 1 survivors (4096K)
 Metaspace       used 44619K, committed 44864K, reserved 1089536K
  class space    used 6156K, committed 6272K, reserved 1048576K
}
Event: 5.753 GC heap after
{Heap after GC invocations=10 (full 0):
 garbage-first heap   total 98304K, used 22202K [0x0000000600000000, 0x0000000800000000)
  region size 4096K, 1 young (4096K), 1 survivors (4096K)
 Metaspace       used 44619K, committed 44864K, reserved 1089536K
  class space    used 6156K, committed 6272K, reserved 1048576K
}
Event: 6.547 GC heap before
{Heap before GC invocations=10 (full 0):
 garbage-first heap   total 98304K, used 67258K [0x0000000600000000, 0x0000000800000000)
  region size 4096K, 12 young (49152K), 1 survivors (4096K)
 Metaspace       used 49806K, committed 50176K, reserved 1097728K
  class space    used 6872K, committed 7040K, reserved 1048576K
}
Event: 6.553 GC heap after
{Heap after GC invocations=11 (full 0):
 garbage-first heap   total 98304K, used 24738K [0x0000000600000000, 0x0000000800000000)
  region size 4096K, 2 young (8192K), 2 survivors (8192K)
 Metaspace       used 49806K, committed 50176K, reserved 1097728K
  class space    used 6872K, committed 7040K, reserved 1048576K
}

